<?xml version="1.0" encoding="UTF-8"?>
<!-- Generated by org.testng.reporters.JUnitReportReporter -->
<testsuite hostname="ASDA1713PO02529" name="com.qainfotech.testNGdemo.ConsecutiveLettersTest" tests="3" failures="0" timestamp="5 Feb 2019 12:13:33 GMT" time="0.029" errors="0">
  <testcase name="testLowerLetters" time="0.004" classname="com.qainfotech.testNGdemo.ConsecutiveLettersTest"/>
  <testcase name="testCapitalLetters" time="0.024" classname="com.qainfotech.testNGdemo.ConsecutiveLettersTest"/>
  <testcase name="testMixedLetters" time="0.001" classname="com.qainfotech.testNGdemo.ConsecutiveLettersTest"/>
</testsuite> <!-- com.qainfotech.testNGdemo.ConsecutiveLettersTest -->
